Log file open, 11/06/14 23:52:36
LogInit:Display: Running engine for game: UTFPS
LogInit: Version: 4.5.1-2336687+++depot+UE4-Releases+4.5
LogInit: API Version: 2326478
LogInit: Compiled (64-bit): Oct 21 2014 22:32:40
LogInit: Compiled with Visual C++: 18.00.21005.01
LogInit: Build Configuration: Development
LogInit: Branch Name: ++depot+UE4-Releases+4.5
LogInit: Command line: 
LogInit: Base directory: C:/Program Files/Epic Games/4.5/Engine/Binaries/Win64/
LogInit: Rocket: 1
[2014.11.06-22.52.36:570][  0]LogTaskGraph: Started task graph with 3 named threads and 4 total threads.
[2014.11.06-22.52.36:597][  0]LogOnline:Warning: No default platform service specified for OnlineSubsystem
[2014.11.06-22.52.36:614][  0]LogInit: Presizing for 0 objects not considered by GC, pre-allocating 0 bytes.
[2014.11.06-22.52.36:623][  0]LogInit: Object subsystem initialized
[2014.11.06-22.52.36:626][  0]LogConsoleResponse:Warning: Skipping Unknown console variable: 'UIScaleRule = ShortestSide'
[2014.11.06-22.52.36:626][  0]LogConsoleResponse:Warning:   Found in ini file 'C:/UE4/UTFPS/Saved/Config/Windows/Engine.ini', in section '[/Script/Engine.RendererSettings]'
[2014.11.06-22.52.36:626][  0]LogConsoleResponse:Warning: Skipping Unknown console variable: 'UIScaleCurve = (EditorCurveData=(Keys=((Time=480.000000,Value=0.444000),(Time=720.000000,Value=0.666000),(Time=1080.000000,Value=1.000000),(Time=8640.000000,Value=8.000000))),ExternalCurve=None)'
[2014.11.06-22.52.36:626][  0]LogConsoleResponse:Warning:   Found in ini file 'C:/UE4/UTFPS/Saved/Config/Windows/Engine.ini', in section '[/Script/Engine.RendererSettings]'
[2014.11.06-22.52.36:627][  0]LogInit: Selected Device Profile: [Windows]
[2014.11.06-22.52.36:627][  0]LogInit: Applying CVar settings loaded from the selected device profile: [Windows]
[2014.11.06-22.52.36:631][  0]LogInit: Computer: 1KE-PC
[2014.11.06-22.52.36:631][  0]LogInit: User: 1ke
[2014.11.06-22.52.36:631][  0]LogInit: CPU Page size=4096, Cores=4
[2014.11.06-22.52.36:631][  0]LogInit: High frequency timer resolution =3.597841 MHz
[2014.11.06-22.52.36:631][  0]LogMemory: Memory total: Physical=12.0GB (12GB approx) Virtual=8192.0GB
[2014.11.06-22.52.36:631][  0]LogMemory: Platform Memory Stats for Windows
[2014.11.06-22.52.36:631][  0]LogMemory: Process Physical Memory: 63.85 MB used, 63.85 MB peak
[2014.11.06-22.52.36:631][  0]LogMemory: Process Virtual Memory: 41.46 MB used, 41.46 MB peak
[2014.11.06-22.52.36:631][  0]LogMemory: Physical Memory: 3399.85 MB used, 12286.05 MB total
[2014.11.06-22.52.36:631][  0]LogMemory: Virtual Memory: 274.65 MB used, 8388608.00 MB total
[2014.11.06-22.52.36:651][  0]LogD3D11RHI: Found D3D11 adapter 0: NVIDIA GeForce GTX 660 Ti (Feature Level 11_0)
[2014.11.06-22.52.36:651][  0]LogD3D11RHI: Adapter has 1989MB of dedicated video memory, 0MB of dedicated system memory, and 2048MB of shared system memory, 1 output[s]
[2014.11.06-22.52.36:651][  0]LogD3D11RHI: Chosen D3D11 Adapter Id = 0
[2014.11.06-22.52.36:655][  0]LogRHI: Texture pool is 1361 MB (70% of 1945 MB)
[2014.11.06-22.52.36:661][  0]LogD3D11RHI: Async texture creation enabled
[2014.11.06-22.52.37:077][  0]LogTextLocalizationManager: The requested culture ('de_DE') has no localization data; falling back to 'en' for localization and internationalization data.
[2014.11.06-22.52.37:232][  0]LogContentStreaming: Texture pool size is 0.000000MB
[2014.11.06-22.52.41:788][  0]LogTargetPlatformManager:Display: Building Assets For Windows
[2014.11.06-22.52.42:132][  0]LogTargetPlatformManager:Display: Building Assets For Windows
[2014.11.06-22.52.42:178][  0]LogDerivedDataCache:Display: Max Cache Size: 512 MB
[2014.11.06-22.52.42:225][  0]LogDerivedDataCache: Loaded boot cache 0.05s 39MB C:/Users/1ke/AppData/Local/UnrealEngine/4.5/DerivedDataCache/Boot.ddc.
[2014.11.06-22.52.42:225][  0]LogDerivedDataCache:Display: Loaded Boot cache: C:/Users/1ke/AppData/Local/UnrealEngine/4.5/DerivedDataCache/Boot.ddc
[2014.11.06-22.52.42:225][  0]LogDerivedDataCache: FDerivedDataBackendGraph:  Pak pak cache file ../../../../../../UE4/UTFPS/DerivedDataCache/DDC.ddp not found, will not use a pak cache.
[2014.11.06-22.52.42:225][  0]LogDerivedDataCache: Unable to find inner node Pak for hierarchical cache Hierarchy.
[2014.11.06-22.52.42:286][  0]LogDerivedDataCache:Display: Pak cache opened for reading ../../../Engine/DerivedDataCache/DDC.ddp.
[2014.11.06-22.52.42:297][  0]LogDerivedDataCache: Using Local data cache path C:/Users/1ke/AppData/Local/UnrealEngine/Common/DerivedDataCache: Writable
[2014.11.06-22.52.42:449][  0]LogMeshUtilities: No automatic mesh reduction module available
[2014.11.06-22.52.42:449][  0]LogMeshUtilities: No automatic mesh merging module available
[2014.11.06-22.52.42:643][  0]LogLinker:Warning: Asset '../../../Engine/Content/Functions/Engine_MaterialFunctions02/Texturing/FlipBook.uasset' has been saved with empty engine version. The asset will be loaded but may be incompatible.
[2014.11.06-22.52.42:646][  0]LogLinker:Warning: Asset '../../../Engine/Content/Functions/Engine_MaterialFunctions02/ExampleContent/Textures/flipbook.uasset' has been saved with empty engine version. The asset will be loaded but may be incompatible.
[2014.11.06-22.52.42:791][  0]LogInit: WinSock: version 1.1 (2.2), MaxSocks=32767, MaxUdp=65467
[2014.11.06-22.52.43:492][  0]UdpMessaging: Initializing bridge on interface 0.0.0.0:0 to multicast group 230.0.0.1:6666.
[2014.11.06-22.52.43:636][  0]LogDirectoryWatcher:Warning: Failed to begin reading directory changes for C:/UE4/UTFPS/Binaries/Win64. Error: 0
[2014.11.06-22.52.43:749][  0]SourceControl: Info Source control is disabled
[2014.11.06-22.52.43:749][  0]SourceControl: Info Source control is disabled
[2014.11.06-22.52.43:755][  0]SourceControl: Info Source control is disabled
[2014.11.06-22.52.43:847][  0]LogObj: 22915 objects as part of root set at end of initial load.
[2014.11.06-22.52.43:847][  0]LogUObjectAllocator: 4803536 out of 0 bytes used by permanent object pool.
[2014.11.06-22.52.43:900][  0]LogEngine: Initializing Engine...
[2014.11.06-22.52.44:034][  0]LogInit: XAudio2 using 'Lautsprecher (ASUS Xonar Essence ST Audio Device)' : 2 channels at 44.1 kHz using 16 bits per sample (channel mask 0x3)
[2014.11.06-22.52.44:037][  0]LogInit: FAudioDevice initialized.
[2014.11.06-22.52.44:054][  0]LogAIModule: Creating AISystem for world NewWorld
[2014.11.06-22.52.44:075][  0]LogDerivedDataCache: Saved boot cache 0.02s 39MB C:/Users/1ke/AppData/Local/UnrealEngine/4.5/DerivedDataCache/Boot.ddc.
[2014.11.06-22.52.44:080][  0]LogInit: Texture streaming: Enabled
[2014.11.06-22.52.44:114][  0]LogInit: Transaction tracking system initialized
[2014.11.06-22.52.44:192][  0]BlueprintLog: New page: Editor Load
[2014.11.06-22.52.44:219][  0]LogAssetRegistry: FAssetRegistry took 0.0099 seconds to start up
[2014.11.06-22.52.44:219][  0]LogDirectoryWatcher:Warning: Failed to begin reading directory changes for ../../../Engine/Plugins/Experimental/CharacterAI/Content/. Error: 0
[2014.11.06-22.52.44:613][  0]LogTargetPlatformManager:Display: Building Assets For Windows
[2014.11.06-22.52.44:889][  0]LogTargetPlatformManager:Display: Building Assets For Windows
[2014.11.06-22.52.45:071][  0]LogConsoleResponse:Display: 
[2014.11.06-22.52.45:237][  0]SourceControl: Info Source control is disabled
[2014.11.06-22.52.45:237][  0]Cmd: MAP LOAD FILE="../../../../../../UE4/UTFPS/Content/Maps/Example_Map.umap" TEMPLATE=0 SHOWPROGRESS=1
[2014.11.06-22.52.45:237][  0]LightingResults: New page: Lighting Build
[2014.11.06-22.52.45:246][  0]MapCheck: New page: Map Check
[2014.11.06-22.52.45:246][  0]LightingResults: New page: Lighting Build
[2014.11.06-22.52.45:260][  0]LogParticles: Destroying 0 GPU particle simulations for FXSystem 0x00000000153027A0
[2014.11.06-22.52.45:483][  0]LogEditorServer: Finished looking for orphan Actors (0.000 secs)
[2014.11.06-22.52.45:484][  0]LogAIModule: Creating AISystem for world Example_Map
[2014.11.06-22.52.45:484][  0]Cmd: MAP CHECKDEP
[2014.11.06-22.52.45:484][  0]MapCheck: New page: Example_Map - Nov 7, 2014, 12:52:45 AM
[2014.11.06-22.52.45:557][  0]MapCheck: Info Map check complete: 0 Error(s), 0 Warning(s), took 72.786ms to complete.
[2014.11.06-22.52.45:557][  0]LogFileHelpers: Loading map 'Example_Map' took 0.321
[2014.11.06-22.52.45:628][  0]LogCollectionManager: Loaded 0 collections in 0.000857 seconds
[2014.11.06-22.52.45:643][  0]LogContentBrowser:Verbose: The content browser source was changed by the sources view to '/Game'
[2014.11.06-22.52.45:727][  0]LogCrashTracker: Crashtracker disabled due to settings.
[2014.11.06-22.52.45:737][  0]LogUObjectGlobals:Warning: Failed to find object 'Class None.'
[2014.11.06-22.52.45:762][  0]LogLoad: Full Startup: 11.16 seconds (BP compile: 0.06 seconds)
[2014.11.06-22.52.46:248][  0]LogRenderer:Warning: Reallocating scene render targets to support 1136x912.
[2014.11.06-22.52.46:786][  2]LogAssetRegistry: Asset discovery search completed in 2.5779 seconds
[2014.11.06-22.53.20:438][216]BlueprintLog:Warning: Warning Blueprint MyProjectile has been migrated and requires re-saving to avoid import errors
[2014.11.06-22.53.50:067][583]LogContentBrowser:Verbose: The content browser source was changed by the sources view to '/Game/StarterContent/Particles/Materials'
[2014.11.06-22.53.57:956][938]LogContentBrowser:Verbose: The content browser source was changed by the sources view to '/Game/StarterContent/Particles'
[2014.11.06-22.54.11:943][557]LogActorComponent: UnregisterComponent: (/Engine/Transient.ProjectileMovementComponent_0) Not registered. Aborting.
[2014.11.06-22.55.45:480][471]LogEditorTransaction: Undo Remove Component
[2014.11.06-22.56.29:661][694]Cmd: OBJ SAVEPACKAGE PACKAGE="/Game/Blueprints/MyProjectile" FILE="../../../../../../UE4/UTFPS/Content/Blueprints/MyProjectile.uasset" SILENT=true
[2014.11.06-22.56.29:735][694]LogSavePackage: Save=47.460407ms
[2014.11.06-22.56.29:735][694]LogSavePackage: Moving '../../../../../../UE4/UTFPS/Saved/MyProjectile7ECF72A7489AD6E934951BA8852AEE6E.tmp' to '../../../../../../UE4/UTFPS/Content/Blueprints/MyProjectile.uasset'
[2014.11.06-22.56.30:684][739]BlueprintLog: New page: Compile MyProjectile
[2014.11.06-22.56.30:805][739]BlueprintEditorCompileResults: Info [0236.09] Compile of MyProjectile successful! [in 3 ms]
[2014.11.06-22.56.33:990][898]BlueprintLog: New page: Pre-PIE auto-recompile
[2014.11.06-22.56.33:990][898]LogPlayLevel: [PIE] Compiling Tutorial_BP_MacroLib before PIE...
[2014.11.06-22.56.34:048][898]LogParticles: Destroying 0 GPU particle simulations for FXSystem 0x000000001F20CC20
[2014.11.06-22.56.34:051][898]LogPlayLevel: PIE:  Blueprint regeneration took 60 ms (1 blueprints)
[2014.11.06-22.56.34:051][898]PIE: New page: PIE session: Example_Map (Nov 7, 2014, 12:56:34 AM)
[2014.11.06-22.56.34:086][898]LogPlayLevel: PIE: StaticDuplicateObject took: (0.035004s)
[2014.11.06-22.56.34:087][898]LogPlayLevel: PIE: World Init took: (0.000928s)
[2014.11.06-22.56.34:087][898]LogPlayLevel: PIE: Created PIE world by copying editor world from /Game/Maps/Example_Map.Example_Map to /Game/Maps/UEDPIE_0_Example_Map.Example_Map (0.036126s)
[2014.11.06-22.56.34:371][898]BlueprintLog:Warning: Warning Blueprint MyHUD has been migrated and requires re-saving to avoid import errors
[2014.11.06-22.56.34:371][898]BlueprintLog:Warning: Warning Blueprint MyGame has been migrated and requires re-saving to avoid import errors
[2014.11.06-22.56.34:372][898]LogWorld: Game class is 'MyGame_C'
[2014.11.06-22.56.34:374][898]LogAIModule: Creating AISystem for world Example_Map
[2014.11.06-22.56.34:375][898]LogWorld: Bringing World /Game/Maps/UEDPIE_0_Example_Map.Example_Map up for play (max tick rate 0) at 2014.11.06-23.56.34
[2014.11.06-22.56.34:376][898]LogWorld: Bringing up level for play took: 0.001475
[2014.11.06-22.56.34:378][898]PIE: Info Play in editor start time for /Game/Maps/UEDPIE_0_Example_Map 1.151
[2014.11.06-22.56.43:073][415]LogParticles: Destroying 0 GPU particle simulations for FXSystem 0x000000000FC21DA0
[2014.11.06-22.57.18:930][742]LogContentBrowser:Verbose: The content browser source was changed by the sources view to '/Game'
[2014.11.06-22.57.52:196][300]LogContentBrowser:Verbose: The content browser source was changed by the sources view to '/Game/StarterContent/Particles'
[2014.11.06-22.58.38:542][585]Cmd: OBJ SAVEPACKAGE PACKAGE="/Game/Blueprints/MyProjectile" FILE="../../../../../../UE4/UTFPS/Content/Blueprints/MyProjectile.uasset" SILENT=true
[2014.11.06-22.58.38:584][585]LogSavePackage: Save=19.616488ms
[2014.11.06-22.58.38:584][585]LogSavePackage: Moving '../../../../../../UE4/UTFPS/Saved/MyProjectile404721BC461424C2E56BDF851B41E35D.tmp' to '../../../../../../UE4/UTFPS/Content/Blueprints/MyProjectile.uasset'
[2014.11.06-22.58.38:930][603]BlueprintLog: New page: Compile MyProjectile
[2014.11.06-22.58.38:993][603]LogActorComponent: UnregisterComponent: (/Engine/Transient.CharacterMovementComponent_0) Not registered. Aborting.
[2014.11.06-22.58.39:025][603]BlueprintEditorCompileResults: Info [0364.33] Compile of MyProjectile successful! [in 5 ms]
[2014.11.06-22.58.41:663][736]BlueprintLog: New page: Pre-PIE auto-recompile
[2014.11.06-22.58.41:663][736]LogPlayLevel: [PIE] Compiling MyCharacter before PIE...
[2014.11.06-22.58.41:767][736]LogPlayLevel: PIE:  Blueprint regeneration took 103 ms (1 blueprints)
[2014.11.06-22.58.41:767][736]PIE: New page: PIE session: Example_Map (Nov 7, 2014, 12:58:41 AM)
[2014.11.06-22.58.41:801][736]LogPlayLevel: PIE: StaticDuplicateObject took: (0.033691s)
[2014.11.06-22.58.41:802][736]LogPlayLevel: PIE: World Init took: (0.000995s)
[2014.11.06-22.58.41:802][736]LogPlayLevel: PIE: Created PIE world by copying editor world from /Game/Maps/Example_Map.Example_Map to /Game/Maps/UEDPIE_0_Example_Map.Example_Map (0.034915s)
[2014.11.06-22.58.41:838][736]LogWorld: Game class is 'MyGame_C'
[2014.11.06-22.58.41:839][736]LogAIModule: Creating AISystem for world Example_Map
[2014.11.06-22.58.41:840][736]LogWorld: Bringing World /Game/Maps/UEDPIE_0_Example_Map.Example_Map up for play (max tick rate 0) at 2014.11.06-23.58.41
[2014.11.06-22.58.41:841][736]LogWorld: Bringing up level for play took: 0.001485
[2014.11.06-22.58.41:842][736]PIE: Info Play in editor start time for /Game/Maps/UEDPIE_0_Example_Map 0.615
[2014.11.06-22.58.55:310][547]LogParticles: Destroying 0 GPU particle simulations for FXSystem 0x000000000CD8A480
[2014.11.06-22.59.21:138][995]BlueprintLog: New page: Compile MyProjectile
[2014.11.06-22.59.21:220][995]BlueprintEditorCompileResults: Info [0406.54] Compile of MyProjectile successful! [in 4 ms]
[2014.11.06-22.59.24:094][139]BlueprintLog: New page: Pre-PIE auto-recompile
[2014.11.06-22.59.24:094][139]LogPlayLevel: [PIE] Compiling MyCharacter before PIE...
[2014.11.06-22.59.24:194][139]LogPlayLevel: PIE:  Blueprint regeneration took 99 ms (1 blueprints)
[2014.11.06-22.59.24:194][139]PIE: New page: PIE session: Example_Map (Nov 7, 2014, 12:59:24 AM)
[2014.11.06-22.59.24:227][139]LogPlayLevel: PIE: StaticDuplicateObject took: (0.032888s)
[2014.11.06-22.59.24:229][139]LogPlayLevel: PIE: World Init took: (0.001238s)
[2014.11.06-22.59.24:229][139]LogPlayLevel: PIE: Created PIE world by copying editor world from /Game/Maps/Example_Map.Example_Map to /Game/Maps/UEDPIE_0_Example_Map.Example_Map (0.034328s)
[2014.11.06-22.59.24:262][139]LogWorld: Game class is 'MyGame_C'
[2014.11.06-22.59.24:264][139]LogAIModule: Creating AISystem for world Example_Map
[2014.11.06-22.59.24:266][139]LogWorld: Bringing World /Game/Maps/UEDPIE_0_Example_Map.Example_Map up for play (max tick rate 0) at 2014.11.06-23.59.24
[2014.11.06-22.59.24:266][139]LogWorld: Bringing up level for play took: 0.002020
[2014.11.06-22.59.24:268][139]PIE: Info Play in editor start time for /Game/Maps/UEDPIE_0_Example_Map 1.041
[2014.11.06-22.59.36:642][870]LogParticles: Destroying 0 GPU particle simulations for FXSystem 0x000000002678C7C0
[2014.11.06-22.59.40:011][ 79]LogContentBrowser:Verbose: The content browser source was changed by the sources view to '/Game'
[2014.11.06-23.00.08:061][421]LogActorComponent: UnregisterComponent: (/Engine/Transient.CharacterMovementComponent_1) Not registered. Aborting.
[2014.11.06-23.00.09:244][466]LogActorComponent: UnregisterComponent: (/Engine/Transient.CharacterMovementComponent_2) Not registered. Aborting.
[2014.11.06-23.00.21:878][ 36]LogActorComponent: UnregisterComponent: (/Engine/Transient.CharacterMovementComponent_3) Not registered. Aborting.
[2014.11.06-23.00.39:677][914]Cmd: OBJ SAVEPACKAGE PACKAGE="/Game/Blueprints/MyCharacter" FILE="../../../../../../UE4/UTFPS/Content/Blueprints/MyCharacter.uasset" SILENT=true
[2014.11.06-23.00.40:044][914]LogSavePackage: Save=363.376801ms
[2014.11.06-23.00.40:044][914]LogSavePackage: Moving '../../../../../../UE4/UTFPS/Saved/MyCharacterACA7B9B246A4B9C0BBDD42AC57949F82.tmp' to '../../../../../../UE4/UTFPS/Content/Blueprints/MyCharacter.uasset'
[2014.11.06-23.00.40:808][945]BlueprintLog: New page: Compile MyCharacter
[2014.11.06-23.00.40:939][945]LogActorComponent: UnregisterComponent: (/Engine/Transient.CharacterMovementComponent_4) Not registered. Aborting.
[2014.11.06-23.00.41:037][945]BlueprintEditorCompileResults: Info [0486.27] Compile of MyCharacter successful! [in 52 ms]
[2014.11.06-23.00.42:991][ 43]LogPlayLevel: PIE:  No blueprints needed recompiling
[2014.11.06-23.00.42:991][ 43]PIE: New page: PIE session: Example_Map (Nov 7, 2014, 1:00:42 AM)
[2014.11.06-23.00.43:023][ 43]LogPlayLevel: PIE: StaticDuplicateObject took: (0.031759s)
[2014.11.06-23.00.43:024][ 43]LogPlayLevel: PIE: World Init took: (0.000948s)
[2014.11.06-23.00.43:024][ 43]LogPlayLevel: PIE: Created PIE world by copying editor world from /Game/Maps/Example_Map.Example_Map to /Game/Maps/UEDPIE_0_Example_Map.Example_Map (0.032894s)
[2014.11.06-23.00.43:055][ 43]LogWorld: Game class is 'MyGame_C'
[2014.11.06-23.00.43:057][ 43]LogAIModule: Creating AISystem for world Example_Map
[2014.11.06-23.00.43:058][ 43]LogWorld: Bringing World /Game/Maps/UEDPIE_0_Example_Map.Example_Map up for play (max tick rate 0) at 2014.11.07-00.00.43
[2014.11.06-23.00.43:059][ 43]LogWorld: Bringing up level for play took: 0.001558
[2014.11.06-23.00.43:061][ 43]PIE: Info Play in editor start time for /Game/Maps/UEDPIE_0_Example_Map -0.168
[2014.11.06-23.01.18:430][179]LogActorComponent: UnregisterComponent: (/Engine/Transient.CharacterMovementComponent_5) Not registered. Aborting.
[2014.11.06-23.01.18:453][179]LogParticles: Destroying 0 GPU particle simulations for FXSystem 0x0000000026DFBC40
[2014.11.06-23.01.18:453][179]LogParticles: Destroying 0 GPU particle simulations for FXSystem 0x000000002889D260
[2014.11.06-23.01.21:708][375]Cmd: OBJ SAVEPACKAGE PACKAGE="/Game/Maps/Example_Map" FILE="../../../../../../UE4/UTFPS/Content/Maps/Example_Map.umap" SILENT=true AUTOSAVING=false KEEPDIRTY=false
[2014.11.06-23.01.21:899][375]LogSavePackage: Save=142.688904ms
[2014.11.06-23.01.21:899][375]LogSavePackage: Moving '../../../../../../UE4/UTFPS/Saved/Example_Map80BF126E4A3E869FCA919EAE0884F537.tmp' to '../../../../../../UE4/UTFPS/Content/Maps/Example_Map.umap'
[2014.11.06-23.01.25:262][581]LogParticles: Destroying 0 GPU particle simulations for FXSystem 0x000000002ABBCAE0
[2014.11.06-23.01.30:039][581]Cmd: OBJ SAVEPACKAGE PACKAGE="/Game/Blueprints/MyProjectile" FILE="../../../../../../UE4/UTFPS/Content/Blueprints/MyProjectile.uasset" SILENT=true
[2014.11.06-23.01.30:057][581]LogSavePackage: Save=15.724986ms
[2014.11.06-23.01.30:057][581]LogSavePackage: Moving '../../../../../../UE4/UTFPS/Saved/MyProjectile232F51AE4C84CA057E8B6397DC5416EA.tmp' to '../../../../../../UE4/UTFPS/Content/Blueprints/MyProjectile.uasset'
[2014.11.06-23.01.30:674][582]Cmd: QUIT_EDITOR
[2014.11.06-23.01.30:997][582]LogExit: Preparing to exit.
[2014.11.06-23.01.31:570][582]LogExit: Editor shut down
[2014.11.06-23.01.31:570][582]LogExit: Transaction tracking system shut down
[2014.11.06-23.01.31:571][582]LogParticles: Destroying 0 GPU particle simulations for FXSystem 0x000000000FBBD3A0
[2014.11.06-23.01.31:571][582]LogParticles: Destroying 0 GPU particle simulations for FXSystem 0x000000001F3B45E0
[2014.11.06-23.01.31:572][582]LogParticles: Destroying 0 GPU particle simulations for FXSystem 0x000000001E7AA5C0
[2014.11.06-23.01.31:572][582]LogParticles: Destroying 0 GPU particle simulations for FXSystem 0x0000000025BE7CE0
[2014.11.06-23.01.31:598][582]LogParticles: Destroying 0 GPU particle simulations for FXSystem 0x0000000025BE7740
[2014.11.06-23.01.31:598][582]LogParticles: Destroying 0 GPU particle simulations for FXSystem 0x0000000025BE40E0
[2014.11.06-23.01.31:598][582]LogParticles: Destroying 0 GPU particle simulations for FXSystem 0x0000000025BE6160
[2014.11.06-23.01.31:598][582]LogExit: Object subsystem successfully closed.
[2014.11.06-23.01.31:638][582]LogModuleManager: Shutting down and abandoning module Merge (167)
[2014.11.06-23.01.31:638][582]LogModuleManager: Shutting down and abandoning module AndroidDeviceDetection (166)
[2014.11.06-23.01.32:194][582]LogModuleManager: Shutting down and abandoning module CrashTracker (165)
[2014.11.06-23.01.32:194][582]LogModuleManager: Shutting down and abandoning module SuperSearch (164)
[2014.11.06-23.01.32:194][582]LogModuleManager: Shutting down and abandoning module SceneOutliner (163)
[2014.11.06-23.01.32:194][582]LogModuleManager: Shutting down and abandoning module EditorWidgets (162)
[2014.11.06-23.01.32:194][582]LogModuleManager: Shutting down and abandoning module CollectionManager (161)
[2014.11.06-23.01.32:194][582]LogModuleManager: Shutting down and abandoning module StatsViewer (160)
[2014.11.06-23.01.32:194][582]LogModuleManager: Shutting down and abandoning module FoliageEdit (159)
[2014.11.06-23.01.32:194][582]LogModuleManager: Shutting down and abandoning module LandscapeEditor (158)
[2014.11.06-23.01.32:194][582]LogModuleManager: Shutting down and abandoning module MeshPaint (157)
[2014.11.06-23.01.32:194][582]LogModuleManager: Shutting down and abandoning module ActorPickerMode (156)
[2014.11.06-23.01.32:194][582]LogModuleManager: Shutting down and abandoning module GeometryMode (155)
[2014.11.06-23.01.32:194][582]LogModuleManager: Shutting down and abandoning module TextureAlignMode (154)
[2014.11.06-23.01.32:194][582]LogModuleManager: Shutting down and abandoning module BspMode (153)
[2014.11.06-23.01.32:194][582]LogModuleManager: Shutting down and abandoning module PlacementMode (152)
[2014.11.06-23.01.32:194][582]LogModuleManager: Shutting down and abandoning module AutomationWorker (151)
[2014.11.06-23.01.32:194][582]LogModuleManager: Shutting down and abandoning module CharacterAI (150)
[2014.11.06-23.01.32:194][582]LogModuleManager: Shutting down and abandoning module GameProjectGeneration (149)
[2014.11.06-23.01.32:194][582]LogModuleManager: Shutting down and abandoning module IntroTutorials (148)
[2014.11.06-23.01.32:194][582]LogModuleManager: Shutting down and abandoning module EditorLiveStreaming (147)
[2014.11.06-23.01.32:194][582]LogModuleManager: Shutting down and abandoning module HardwareTargeting (146)
[2014.11.06-23.01.32:194][582]LogModuleManager: Shutting down and abandoning module BehaviorTreeEditor (145)
[2014.11.06-23.01.32:194][582]LogModuleManager: Shutting down and abandoning module DeviceProfileEditor (144)
[2014.11.06-23.01.32:194][582]LogModuleManager: Shutting down and abandoning module UndoHistory (143)
[2014.11.06-23.01.32:194][582]LogModuleManager: Shutting down and abandoning module GameplayTagsEditor (142)
[2014.11.06-23.01.32:194][582]LogModuleManager: Shutting down and abandoning module UserFeedback (141)
[2014.11.06-23.01.32:194][582]LogModuleManager: Shutting down and abandoning module XmlParser (140)
[2014.11.06-23.01.32:194][582]LogModuleManager: Shutting down and abandoning module Blutility (139)
[2014.11.06-23.01.32:194][582]LogModuleManager: Shutting down and abandoning module IOSPlatformEditor (138)
[2014.11.06-23.01.32:194][582]LogModuleManager: Shutting down and abandoning module IOSRuntimeSettings (137)
[2014.11.06-23.01.32:194][582]LogModuleManager: Shutting down and abandoning module AndroidPlatformEditor (136)
[2014.11.06-23.01.32:194][582]LogModuleManager: Shutting down and abandoning module AndroidRuntimeSettings (135)
[2014.11.06-23.01.32:194][582]LogModuleManager: Shutting down and abandoning module ProjectTargetPlatformEditor (134)
[2014.11.06-23.01.32:194][582]LogModuleManager: Shutting down and abandoning module ProjectSettingsViewer (133)
[2014.11.06-23.01.32:194][582]LogModuleManager: Shutting down and abandoning module InputBindingEditor (132)
[2014.11.06-23.01.32:195][582]LogModuleManager: Shutting down and abandoning module EditorSettingsViewer (131)
[2014.11.06-23.01.32:195][582]LogModuleManager: Shutting down and abandoning module SettingsEditor (130)
[2014.11.06-23.01.32:195][582]LogModuleManager: Shutting down and abandoning module ProjectLauncher (129)
[2014.11.06-23.01.32:195][582]LogModuleManager: Shutting down and abandoning module SessionFrontend (128)
[2014.11.06-23.01.32:195][582]LogModuleManager: Shutting down and abandoning module ProfilerClient (127)
[2014.11.06-23.01.32:195][582]LogModuleManager: Shutting down and abandoning module TargetDeviceServices (126)
[2014.11.06-23.01.32:195][582]LogModuleManager: Shutting down and abandoning module DeviceManager (125)
[2014.11.06-23.01.32:195][582]LogModuleManager: Shutting down and abandoning module AutomationController (124)
[2014.11.06-23.01.32:195][582]LogModuleManager: Shutting down and abandoning module AutomationWindow (123)
[2014.11.06-23.01.32:195][582]LogModuleManager: Shutting down and abandoning module Layers (122)
[2014.11.06-23.01.32:195][582]LogModuleManager: Shutting down and abandoning module ComponentVisualizers (121)
[2014.11.06-23.01.32:195][582]LogModuleManager: Shutting down and abandoning module DetailCustomizations (120)
[2014.11.06-23.01.32:195][582]LogModuleManager: Shutting down and abandoning module PackagesDialog (119)
[2014.11.06-23.01.32:195][582]LogModuleManager: Shutting down and abandoning module AssetRegistry (118)
[2014.11.06-23.01.32:245][582]LogModuleManager: Shutting down and abandoning module Persona (117)
[2014.11.06-23.01.32:245][582]LogModuleManager: Shutting down and abandoning module Kismet (116)
[2014.11.06-23.01.32:245][582]LogModuleManager: Shutting down and abandoning module GraphEditor (115)
[2014.11.06-23.01.32:246][582]LogModuleManager: Shutting down and abandoning module ClassViewer (114)
[2014.11.06-23.01.32:246][582]LogModuleManager: Shutting down and abandoning module Toolbox (113)
[2014.11.06-23.01.32:246][582]LogModuleManager: Shutting down and abandoning module ModuleUI (112)
[2014.11.06-23.01.32:246][582]LogModuleManager: Shutting down and abandoning module MovieSceneTools (111)
[2014.11.06-23.01.32:246][582]LogModuleManager: Shutting down and abandoning module OutputLog (110)
[2014.11.06-23.01.32:246][582]LogModuleManager: Shutting down and abandoning module GammaUI (109)
[2014.11.06-23.01.32:246][582]LogModuleManager: Shutting down and abandoning module Documentation (108)
[2014.11.06-23.01.32:246][582]LogModuleManager: Shutting down and abandoning module GameLiveStreaming (107)
[2014.11.06-23.01.32:246][582]LogModuleManager: Shutting down and abandoning module StreamingPauseRendering (106)
[2014.11.06-23.01.32:246][582]LogModuleManager: Shutting down and abandoning module HTTP (105)
[2014.11.06-23.01.32:246][582]LogModuleManager: Shutting down and abandoning module AnalyticsET (104)
[2014.11.06-23.01.32:246][582]LogModuleManager: Shutting down and abandoning module Analytics (103)
[2014.11.06-23.01.32:246][582]LogModuleManager: Shutting down and abandoning module GameplayDebugger (102)
[2014.11.06-23.01.32:246][582]LogModuleManager: Shutting down and abandoning module AIModule (101)
[2014.11.06-23.01.32:246][582]LogModuleManager: Shutting down and abandoning module ProfilerService (100)
[2014.11.06-23.01.32:392][582]LogModuleManager: Shutting down and abandoning module TaskGraph (99)
[2014.11.06-23.01.32:392][582]LogModuleManager: Shutting down and abandoning module SlateRemote (98)
[2014.11.06-23.01.32:392][582]LogModuleManager: Shutting down and abandoning module ScriptEditorPlugin (97)
[2014.11.06-23.01.32:392][582]LogModuleManager: Shutting down and abandoning module CustomMeshComponent (96)
[2014.11.06-23.01.32:392][582]LogModuleManager: Shutting down and abandoning module CableComponent (95)
[2014.11.06-23.01.32:392][582]LogModuleManager: Shutting down and abandoning module MessagingDebugger (94)
[2014.11.06-23.01.32:392][582]LogModuleManager: Shutting down and abandoning module MediaPlayerEditor (93)
[2014.11.06-23.01.32:392][582]LogModuleManager: Shutting down and abandoning module SpeedTreeImporter (92)
[2014.11.06-23.01.32:392][582]LogModuleManager: Shutting down and abandoning module PluginsEditor (91)
[2014.11.06-23.01.32:392][582]LogModuleManager: Shutting down and abandoning module EpicSurvey (90)
[2014.11.06-23.01.32:392][582]LogModuleManager: Shutting down and abandoning module DesktopPlatform (89)
[2014.11.06-23.01.32:392][582]LogModuleManager: Shutting down and abandoning module VisualStudioSourceCodeAccess (88)
[2014.11.06-23.01.32:392][582]LogModuleManager: Shutting down and abandoning module UObjectPlugin (87)
[2014.11.06-23.01.32:392][582]LogModuleManager: Shutting down and abandoning module SubversionSourceControl (86)
[2014.11.06-23.01.32:392][582]LogModuleManager: Shutting down and abandoning module SourceControl (85)
[2014.11.06-23.01.32:392][582]LogModuleManager: Shutting down and abandoning module PerforceSourceControl (84)
[2014.11.06-23.01.32:392][582]LogModuleManager: Shutting down and abandoning module BlankPlugin (83)
[2014.11.06-23.01.32:392][582]LogModuleManager: Shutting down and abandoning module SlateReflector (82)
[2014.11.06-23.01.32:392][582]LogModuleManager: Shutting down and abandoning module DirectoryWatcher (81)
[2014.11.06-23.01.32:392][582]LogModuleManager: Shutting down and abandoning module HotReload (80)
[2014.11.06-23.01.32:392][582]LogModuleManager: Shutting down and abandoning module MainFrame (79)
[2014.11.06-23.01.32:392][582]LogModuleManager: Shutting down and abandoning module LevelEditor (78)
[2014.11.06-23.01.32:393][582]LogModuleManager: Shutting down and abandoning module ViewportSnapping (77)
[2014.11.06-23.01.32:393][582]LogModuleManager: Shutting down and abandoning module SmartSnapping (76)
[2014.11.06-23.01.32:393][582]LogModuleManager: Shutting down and abandoning module PaperTiledImporter (75)
[2014.11.06-23.01.32:393][582]LogModuleManager: Shutting down and abandoning module PaperJsonImporter (74)
[2014.11.06-23.01.32:393][582]LogModuleManager: Shutting down and abandoning module ContentBrowser (73)
[2014.11.06-23.01.32:393][582]LogModuleManager: Shutting down and abandoning module PropertyEditor (72)
[2014.11.06-23.01.32:393][582]LogModuleManager: Shutting down and abandoning module Paper2DEditor (71)
[2014.11.06-23.01.32:393][582]LogModuleManager: Shutting down and abandoning module ScriptPlugin (70)
[2014.11.06-23.01.32:393][582]LogModuleManager: Shutting down and abandoning module UdpMessaging (69)
[2014.11.06-23.01.32:493][582]LogModuleManager: Shutting down and abandoning module Paper2D (68)
[2014.11.06-23.01.32:493][582]LogModuleManager: Shutting down and abandoning module WindowsMoviePlayer (67)
[2014.11.06-23.01.32:496][582]LogModuleManager: Shutting down and abandoning module Media (66)
[2014.11.06-23.01.32:496][582]LogModuleManager: Shutting down and abandoning module WmfMedia (65)
[2014.11.06-23.01.32:496][582]LogModuleManager: Shutting down and abandoning module OnlineBlueprintSupport (64)
[2014.11.06-23.01.32:496][582]LogModuleManager: Shutting down and abandoning module FunctionalTesting (63)
[2014.11.06-23.01.32:496][582]LogModuleManager: Shutting down and abandoning module CollisionAnalyzer (62)
[2014.11.06-23.01.32:496][582]LogModuleManager: Shutting down and abandoning module WorkspaceMenuStructure (61)
[2014.11.06-23.01.32:496][582]LogModuleManager: Shutting down and abandoning module MessageLog (60)
[2014.11.06-23.01.32:496][582]LogModuleManager: Shutting down and abandoning module Sequencer (59)
[2014.11.06-23.01.32:496][582]LogModuleManager: Shutting down and abandoning module AssetTools (58)
[2014.11.06-23.01.32:496][582]LogModuleManager: Shutting down and abandoning module UMGEditor (57)
[2014.11.06-23.01.32:496][582]LogModuleManager: Shutting down and abandoning module UMG (56)
[2014.11.06-23.01.32:496][582]LogModuleManager: Shutting down and abandoning module Slate (55)
[2014.11.06-23.01.32:496][582]LogModuleManager: Shutting down and abandoning module EditorStyle (54)
[2014.11.06-23.01.32:498][582]LogModuleManager: Shutting down and abandoning module SessionServices (53)
[2014.11.06-23.01.32:498][582]LogModuleManager: Shutting down and abandoning module SourceCodeAccess (52)
[2014.11.06-23.01.32:498][582]LogModuleManager: Shutting down and abandoning module HeadMountedDisplay (51)
[2014.11.06-23.01.32:498][582]LogModuleManager: Shutting down and abandoning module XAudio2 (50)
[2014.11.06-23.01.32:498][582]LogModuleManager: Shutting down and abandoning module Networking (48)
[2014.11.06-23.01.32:498][582]LogModuleManager: Shutting down and abandoning module Core (47)
[2014.11.06-23.01.32:498][582]LogModuleManager: Shutting down and abandoning module KismetCompiler (46)
[2014.11.06-23.01.32:498][582]LogModuleManager: Shutting down and abandoning module PhysXFormats (45)
[2014.11.06-23.01.32:498][582]LogModuleManager: Shutting down and abandoning module MeshUtilities (44)
[2014.11.06-23.01.32:498][582]LogModuleManager: Shutting down and abandoning module DerivedDataCache (43)
[2014.11.06-23.01.32:595][582]LogDerivedDataCache: Shutdown
[2014.11.06-23.01.32:595][582]LogModuleManager: Shutting down and abandoning module ShaderFormatOpenGL (42)
[2014.11.06-23.01.32:595][582]LogModuleManager: Shutting down and abandoning module ShaderFormatD3D (41)
[2014.11.06-23.01.32:595][582]LogModuleManager: Shutting down and abandoning module MetalShaderFormat (40)
[2014.11.06-23.01.32:595][582]LogModuleManager: Shutting down and abandoning module TextureFormatUncompressed (39)
[2014.11.06-23.01.32:595][582]LogModuleManager: Shutting down and abandoning module TextureFormatPVR (38)
[2014.11.06-23.01.32:595][582]LogModuleManager: Shutting down and abandoning module TextureFormatDXT (37)
[2014.11.06-23.01.32:595][582]LogModuleManager: Shutting down and abandoning module TextureFormatAndroid (36)
[2014.11.06-23.01.32:595][582]LogModuleManager: Shutting down and abandoning module AudioFormatOpus (35)
[2014.11.06-23.01.32:595][582]LogModuleManager: Shutting down and abandoning module AudioFormatOgg (34)
[2014.11.06-23.01.32:595][582]LogModuleManager: Shutting down and abandoning module AudioFormatADPCM (33)
[2014.11.06-23.01.32:595][582]LogModuleManager: Shutting down and abandoning module Messaging (32)
[2014.11.06-23.01.32:595][582]LogModuleManager: Shutting down and abandoning module IOSTargetPlatform (31)
[2014.11.06-23.01.32:595][582]LogModuleManager: Shutting down and abandoning module Android_PVRTCTargetPlatform (30)
[2014.11.06-23.01.32:595][582]LogModuleManager: Shutting down and abandoning module Android_ETC2TargetPlatform (29)
[2014.11.06-23.01.32:595][582]LogModuleManager: Shutting down and abandoning module Android_ETC1TargetPlatform (28)
[2014.11.06-23.01.32:595][582]LogModuleManager: Shutting down and abandoning module Android_DXTTargetPlatform (27)
[2014.11.06-23.01.32:595][582]LogModuleManager: Shutting down and abandoning module Android_ATCTargetPlatform (26)
[2014.11.06-23.01.32:595][582]LogModuleManager: Shutting down and abandoning module AndroidTargetPlatform (25)
[2014.11.06-23.01.32:595][582]LogModuleManager: Shutting down and abandoning module WindowsTargetPlatform (24)
[2014.11.06-23.01.32:595][582]LogModuleManager: Shutting down and abandoning module WindowsServerTargetPlatform (23)
[2014.11.06-23.01.32:595][582]LogModuleManager: Shutting down and abandoning module WindowsNoEditorTargetPlatform (22)
[2014.11.06-23.01.32:595][582]LogModuleManager: Shutting down and abandoning module WindowsClientTargetPlatform (21)
[2014.11.06-23.01.32:595][582]LogModuleManager: Shutting down and abandoning module TargetPlatform (20)
[2014.11.06-23.01.32:595][582]LogModuleManager: Shutting down and abandoning module InputCore (19)
[2014.11.06-23.01.32:595][582]LogModuleManager: Shutting down and abandoning module Settings (18)
[2014.11.06-23.01.32:595][582]LogModuleManager: Shutting down and abandoning module ImageWrapper (17)
[2014.11.06-23.01.32:595][582]LogModuleManager: Shutting down and abandoning module OculusRift (14)
[2014.11.06-23.01.32:595][582]LogModuleManager: Shutting down and abandoning module ExampleDeviceProfileSelector (13)
[2014.11.06-23.01.32:595][582]LogModuleManager: Shutting down and abandoning module TextureCompressor (12)
[2014.11.06-23.01.32:595][582]LogModuleManager: Shutting down and abandoning module ShaderCore (11)
[2014.11.06-23.01.32:595][582]LogModuleManager: Shutting down and abandoning module SlateRHIRenderer (10)
[2014.11.06-23.01.32:596][582]LogModuleManager: Shutting down and abandoning module OpenGLDrv (9)
[2014.11.06-23.01.32:596][582]LogModuleManager: Shutting down and abandoning module D3D11RHI (8)
[2014.11.06-23.01.32:596][582]LogModuleManager: Shutting down and abandoning module Renderer (7)
[2014.11.06-23.01.32:596][582]LogModuleManager: Shutting down and abandoning module Engine (6)
[2014.11.06-23.01.32:596][582]LogModuleManager: Shutting down and abandoning module CoreUObject (5)
[2014.11.06-23.01.32:596][582]LogModuleManager: Shutting down and abandoning module NetworkFile (4)
[2014.11.06-23.01.32:596][582]LogModuleManager: Shutting down and abandoning module StreamingFile (3)
[2014.11.06-23.01.32:596][582]LogModuleManager: Shutting down and abandoning module SandboxFile (2)
[2014.11.06-23.01.32:596][582]LogModuleManager: Shutting down and abandoning module PakFile (1)
[2014.11.06-23.01.32:596][582]LogExit: Exiting.
[2014.11.06-23.01.32:606][582]Log file closed, 11/07/14 00:01:32
